TN:
SF:..\app.js
FN:33,(anonymous_0)
FN:40,(anonymous_1)
FNF:2
FNH:1
FNDA:0,(anonymous_0)
FNDA:3,(anonymous_1)
DA:4,2
DA:5,2
DA:6,2
DA:8,2
DA:9,2
DA:12,2
DA:13,2
DA:16,2
DA:19,2
DA:23,2
DA:24,2
DA:25,2
DA:27,2
DA:28,2
DA:29,2
DA:33,2
DA:34,0
DA:35,0
DA:40,2
DA:41,3
DA:42,3
DA:44,3
DA:51,2
LF:23
LH:21
BRDA:41,0,0,3
BRDA:41,0,1,0
BRDA:42,1,0,0
BRDA:42,1,1,3
BRF:4
BRH:2
end_of_record
TN:
SF:..\config.js
FNF:0
FNH:0
DA:5,4
DA:7,4
DA:11,4
DA:13,4
DA:16,4
LF:5
LH:5
BRDA:7,0,0,4
BRDA:7,0,1,0
BRDA:11,1,0,4
BRDA:11,1,1,4
BRF:4
BRH:3
end_of_record
TN:
SF:..\db.js
FNF:0
FNH:0
DA:4,4
DA:5,4
DA:7,4
DA:9,4
DA:12,4
LF:5
LH:5
BRF:0
BRH:0
end_of_record
TN:
SF:..\expressError.js
FN:8,(anonymous_0)
FNF:1
FNH:1
FNDA:2,(anonymous_0)
DA:9,2
DA:10,2
DA:11,2
DA:12,2
DA:17,4
LF:5
LH:5
BRF:0
BRH:0
end_of_record
TN:
SF:..\middleware\auth.js
FN:8,authenticateJWT
FN:21,ensureLoggedIn
FN:31,ensureCorrectUser
FNF:3
FNH:3
FNDA:8,authenticateJWT
FNDA:1,ensureLoggedIn
FNDA:3,ensureCorrectUser
DA:3,2
DA:4,2
DA:9,8
DA:10,8
DA:11,8
DA:12,4
DA:13,4
DA:15,4
DA:22,1
DA:23,0
DA:25,1
DA:32,3
DA:33,3
DA:34,2
DA:36,1
DA:40,0
DA:45,2
LF:17
LH:15
BRDA:22,0,0,0
BRDA:22,0,1,1
BRDA:33,1,0,2
BRDA:33,1,1,1
BRF:4
BRH:3
end_of_record
TN:
SF:..\models\message.js
FN:15,(anonymous_0)
FN:31,(anonymous_1)
FN:54,(anonymous_2)
FNF:3
FNH:3
FNDA:14,(anonymous_0)
FNDA:1,(anonymous_1)
FNDA:1,(anonymous_2)
DA:3,4
DA:4,4
DA:16,14
DA:26,14
DA:32,1
DA:39,1
DA:40,0
DA:43,1
DA:55,1
DA:74,1
DA:76,1
DA:77,0
DA:80,1
DA:102,4
LF:14
LH:12
BRDA:39,0,0,0
BRDA:39,0,1,1
BRDA:76,1,0,0
BRDA:76,1,1,1
BRF:4
BRH:2
end_of_record
TN:
SF:..\models\user.js
FN:15,(anonymous_0)
FN:30,(anonymous_1)
FN:45,(anonymous_2)
FN:60,(anonymous_3)
FN:79,(anonymous_4)
FN:100,(anonymous_5)
FN:109,(anonymous_6)
FN:131,(anonymous_7)
FN:140,(anonymous_8)
FNF:9
FNH:9
FNDA:26,(anonymous_0)
FNDA:5,(anonymous_1)
FNDA:3,(anonymous_2)
FNDA:2,(anonymous_3)
FNDA:4,(anonymous_4)
FNDA:1,(anonymous_5)
FNDA:1,(anonymous_6)
FNDA:2,(anonymous_7)
FNDA:2,(anonymous_8)
DA:5,4
DA:6,4
DA:7,4
DA:8,4
DA:16,26
DA:17,26
DA:24,26
DA:31,5
DA:35,5
DA:37,5
DA:38,2
DA:40,3
DA:46,3
DA:52,3
DA:53,0
DA:61,2
DA:67,2
DA:80,4
DA:86,4
DA:87,0
DA:89,4
DA:101,1
DA:109,1
DA:132,2
DA:140,2
DA:155,4
LF:26
LH:24
BRDA:37,0,0,2
BRDA:37,0,1,3
BRDA:37,1,0,5
BRDA:37,1,1,4
BRDA:52,2,0,0
BRDA:52,2,1,3
BRDA:86,3,0,0
BRDA:86,3,1,4
BRF:8
BRH:6
end_of_record
TN:
SF:..\routes\auth.js
FN:16,(anonymous_0)
FN:38,(anonymous_1)
FNF:2
FNH:2
FNDA:3,(anonymous_0)
FNDA:1,(anonymous_1)
DA:1,2
DA:2,2
DA:4,2
DA:5,2
DA:6,2
DA:8,2
DA:16,2
DA:17,3
DA:18,3
DA:19,3
DA:20,1
DA:21,1
DA:22,1
DA:24,2
DA:27,2
DA:38,2
DA:39,1
DA:40,1
DA:41,1
DA:49,1
DA:50,1
DA:51,1
DA:53,0
DA:57,2
LF:24
LH:23
BRDA:19,0,0,1
BRDA:19,0,1,2
BRF:2
BRH:2
end_of_record
TN:
SF:..\routes\messages.js
FN:20,(anonymous_0)
FN:38,(anonymous_1)
FN:60,(anonymous_2)
FNF:3
FNH:0
FNDA:0,(anonymous_0)
FNDA:0,(anonymous_1)
FNDA:0,(anonymous_2)
DA:1,2
DA:2,2
DA:3,2
DA:4,2
DA:5,2
DA:20,2
DA:21,0
DA:23,0
DA:24,0
DA:26,0
DA:38,2
DA:39,0
DA:40,0
DA:41,0
DA:45,0
DA:47,0
DA:60,2
DA:61,0
DA:62,0
DA:63,0
DA:64,0
DA:66,0
DA:67,0
DA:70,0
DA:71,0
DA:73,0
DA:77,2
LF:27
LH:9
BRDA:66,0,0,0
BRDA:66,0,1,0
BRF:2
BRH:0
end_of_record
TN:
SF:..\routes\users.js
FN:12,(anonymous_0)
FN:27,(anonymous_1)
FN:47,(anonymous_2)
FN:67,(anonymous_3)
FNF:4
FNH:3
FNDA:1,(anonymous_0)
FNDA:1,(anonymous_1)
FNDA:1,(anonymous_2)
FNDA:0,(anonymous_3)
DA:1,2
DA:2,2
DA:3,2
DA:4,2
DA:12,2
DA:13,1
DA:14,1
DA:15,1
DA:17,0
DA:27,2
DA:28,1
DA:29,1
DA:30,1
DA:31,1
DA:33,0
DA:47,2
DA:48,1
DA:49,1
DA:50,1
DA:51,1
DA:53,0
DA:67,2
DA:68,0
DA:69,0
DA:70,0
DA:71,0
DA:73,0
DA:78,2
LF:28
LH:20
BRF:0
BRH:0
end_of_record
